[JCAL_DEBUG_LUNISOLAR] zhongqi_distribution(L): zeros(pos)=[] zeros(abs)=[] many(pos)=[] many(abs)=[] expect_leap=False spans2_len=12 spans2_offset=25
[JCAL_DEBUG_LUNISOLAR] zhongqi_distribution(L): zeros(pos)=[9] zeros(abs)=[34] many(pos)=[] many(abs)=[] expect_leap=False spans2_len=12 spans2_offset=25
[JCAL_DEBUG_LUNISOLAR] year=2032 span_count=12 spans2_offset=25 leap_span_pos(step4,pos)=None leap_span_pos(step4,abs)=None -> leap_span_pos(final,pos)=9 leap_span_pos(final,abs)=34 no_zh(step4,pos)=[9] no_zh(step4,abs)=[34]
[JCAL_DEBUG_LUNISOLAR] year=2032 leap_span_pos(pos)=9 leap_span_pos(abs)=34 spans2_offset=25
  span[pos=00 abs=25] 2032-12-03T05:52:53.945890+09:00 .. 2033-01-01T19:17:02.932706+09:00  month_no=11 is_leap=False  new_moon=2032-12-03T05:52:53.945890+09:00  zq=270@2032-12-21T16:55:56.891152+09:00
  span[pos=01 abs=26] 2033-01-01T19:17:02.932706+09:00 .. 2033-01-31T06:59:53.623624+09:00  month_no=12 is_leap=False  new_moon=2033-01-01T19:17:02.932706+09:00  zq=300@2033-01-20T03:32:47.580291+09:00
  span[pos=02 abs=27] 2033-01-31T06:59:53.623624+09:00 .. 2033-03-01T17:23:33.606534+09:00  month_no=01 is_leap=False  new_moon=2033-01-31T06:59:53.623624+09:00  zq=330@2033-02-18T17:33:49.098055+09:00
  span[pos=03 abs=28] 2033-03-01T17:23:33.606534+09:00 .. 2033-03-31T02:51:40.117765+09:00  month_no=02 is_leap=False  new_moon=2033-03-01T17:23:33.606534+09:00  zq=000@2033-03-20T16:22:43.851862+09:00
  span[pos=04 abs=29] 2033-03-31T02:51:40.117765+09:00 .. 2033-04-29T11:46:12.505460+09:00  month_no=03 is_leap=False  new_moon=2033-03-31T02:51:40.117765+09:00  zq=030@2033-04-20T03:13:07.776483+09:00
  span[pos=05 abs=30] 2033-04-29T11:46:12.505460+09:00 .. 2033-05-28T20:36:34.404874+09:00  month_no=04 is_leap=False  new_moon=2033-04-29T11:46:12.505460+09:00  zq=060@2033-05-21T02:10:58.975138+09:00
  span[pos=06 abs=31] 2033-05-28T20:36:34.404874+09:00 .. 2033-06-27T06:07:04.946866+09:00  month_no=05 is_leap=False  new_moon=2033-05-28T20:36:34.404874+09:00  zq=090@2033-06-21T10:01:08.666886+09:00
  span[pos=07 abs=32] 2033-06-27T06:07:04.946866+09:00 .. 2033-07-26T17:12:36.404386+09:00  month_no=06 is_leap=False  new_moon=2033-06-27T06:07:04.946866+09:00  zq=120@2033-07-22T20:52:49.387789+09:00
  span[pos=08 abs=33] 2033-07-26T17:12:36.404386+09:00 .. 2033-08-25T06:39:50.291105+09:00  month_no=07 is_leap=False  new_moon=2033-07-26T17:12:36.404386+09:00  zq=150@2033-08-23T04:01:51.077826+09:00
  span[pos=09 abs=34] 2033-08-25T06:39:50.291105+09:00 .. 2033-09-23T22:39:48.423429+09:00  month_no=07 is_leap=True  new_moon=2033-08-25T06:39:50.291105+09:00  zq=-
  span[pos=10 abs=35] 2033-09-23T22:39:48.423429+09:00 .. 2033-10-23T16:28:26.831632+09:00  month_no=08 is_leap=False  new_moon=2033-09-23T22:39:48.423429+09:00  zq=180@2033-09-23T01:51:40.996480+09:00
  span[pos=11 abs=36] 2033-10-23T16:28:26.831632+09:00 .. 2033-11-22T10:39:08.872648+09:00  month_no=09 is_leap=False  new_moon=2033-10-23T16:28:26.831632+09:00  zq=210@2033-10-23T11:27:37.408315+09:00
[JCAL_DEBUG_LUNISOLAR] zhongqi_distribution(L): zeros(pos)=[1, 3] zeros(abs)=[25, 27] many(pos)=[0, 2] many(abs)=[24, 26] expect_leap=True spans2_len=13 spans2_offset=24
Traceback (most recent call last):
  File "/Users/approximate/project/ShinToki/scripts/repro_jcal_2033.py", line 17, in main
    result = gregorian_to_lunar(target)
             ^^^^^^^^^^^^^^^^^^^^^^^^^^
  File "/Users/approximate/project/ShinToki/.venv/lib/python3.12/site-packages/jcal/core/lunisolar.py", line 624, in gregorian_to_lunar
    cache = build_range_cache(
            ^^^^^^^^^^^^^^^^^^
  File "/Users/approximate/project/ShinToki/.venv/lib/python3.12/site-packages/jcal/core/lunisolar.py", line 496, in build_range_cache
    _build_named_months_for_year(
  File "/Users/approximate/project/ShinToki/.venv/lib/python3.12/site-packages/jcal/core/lunisolar.py", line 420, in _build_named_months_for_year
    leap_span_pos_final = _resolve_leap_span_pos_for_month_naming(
                          ^^^^^^^^^^^^^^^^^^^^^^^^^^^^^^^^^^^^^^^^
  File "/Users/approximate/project/ShinToki/.venv/lib/python3.12/site-packages/jcal/core/lunisolar.py", line 193, in _resolve_leap_span_pos_for_month_naming
    raise RuntimeError(f"zhongqi_count>=2 spans found (boundary mismatch?): {many}")
RuntimeError: zhongqi_count>=2 spans found (boundary mismatch?): [0, 2]
target_date=2033-06-10
[JCAL_DEBUG_LUNISOLAR] span_count=12 span_index_offset=25 span_index_range=25..36 no_zh(pos)=[] no_zh(abs)=[]
[JCAL_DEBUG_LUNISOLAR] spans:
  span[pos=0 abs=25] start_utc=2031-12-14T09:05:49.547444+00:00 end_utc=2032-01-12T20:06:44.149495+00:00 start_jst=2031-12-14T18:05:49.547444+09:00 end_jst=2032-01-13T05:06:44.149495+09:00 start_jst_date=2031-12-14 end_jst_date=2032-01-13
    term deg=270 utc=2031-12-22T01:55:33.723392+00:00 jst=2031-12-22T10:55:33.723392+09:00 jst_date=2031-12-22
  span[pos=1 abs=26] start_utc=2032-01-12T20:06:44.149495+00:00 end_utc=2032-02-11T06:24:16.969319+00:00 start_jst=2032-01-13T05:06:44.149495+09:00 end_jst=2032-02-11T15:24:16.969319+09:00 start_jst_date=2032-01-13 end_jst_date=2032-02-11
    term deg=300 utc=2032-01-20T12:31:17.721579+00:00 jst=2032-01-20T21:31:17.721579+09:00 jst_date=2032-01-20
  span[pos=2 abs=27] start_utc=2032-02-11T06:24:16.969319+00:00 end_utc=2032-03-11T16:24:41.798421+00:00 start_jst=2032-02-11T15:24:16.969319+09:00 end_jst=2032-03-12T01:24:41.798421+09:00 start_jst_date=2032-02-11 end_jst_date=2032-03-12
    term deg=330 utc=2032-02-19T02:32:13.123794+00:00 jst=2032-02-19T11:32:13.123794+09:00 jst_date=2032-02-19
  span[pos=3 abs=28] start_utc=2032-03-11T16:24:41.798421+00:00 end_utc=2032-04-10T02:39:31.800862+00:00 start_jst=2032-03-12T01:24:41.798421+09:00 end_jst=2032-04-10T11:39:31.800862+09:00 start_jst_date=2032-03-12 end_jst_date=2032-04-10
    term deg=000 utc=2032-03-20T01:21:53.871503+00:00 jst=2032-03-20T10:21:53.871503+09:00 jst_date=2032-03-20
  span[pos=4 abs=29] start_utc=2032-04-10T02:39:31.800862+00:00 end_utc=2032-05-09T13:35:45.262776+00:00 start_jst=2032-04-10T11:39:31.800862+09:00 end_jst=2032-05-09T22:35:45.262776+09:00 start_jst_date=2032-04-10 end_jst_date=2032-05-09
    term deg=030 utc=2032-04-19T12:14:08.555270+00:00 jst=2032-04-19T21:14:08.555270+09:00 jst_date=2032-04-19
  span[pos=5 abs=30] start_utc=2032-05-09T13:35:45.262776+00:00 end_utc=2032-06-08T01:32:07.733480+00:00 start_jst=2032-05-09T22:35:45.262776+09:00 end_jst=2032-06-08T10:32:07.733480+09:00 start_jst_date=2032-05-09 end_jst_date=2032-06-08
    term deg=060 utc=2032-05-20T11:12:42.266500+00:00 jst=2032-05-20T20:12:42.266500+09:00 jst_date=2032-05-20
  span[pos=6 abs=31] start_utc=2032-06-08T01:32:07.733480+00:00 end_utc=2032-07-07T14:41:32.760335+00:00 start_jst=2032-06-08T10:32:07.733480+09:00 end_jst=2032-07-07T23:41:32.760335+09:00 start_jst_date=2032-06-08 end_jst_date=2032-07-07
    term deg=090 utc=2032-06-20T19:08:46.242134+00:00 jst=2032-06-21T04:08:46.242134+09:00 jst_date=2032-06-21
  span[pos=7 abs=32] start_utc=2032-07-07T14:41:32.760335+00:00 end_utc=2032-08-06T05:11:34.188558+00:00 start_jst=2032-07-07T23:41:32.760335+09:00 end_jst=2032-08-06T14:11:34.188558+09:00 start_jst_date=2032-07-07 end_jst_date=2032-08-06
    term deg=120 utc=2032-07-22T06:04:45.235705+00:00 jst=2032-07-22T15:04:45.235705+09:00 jst_date=2032-07-22
  span[pos=8 abs=33] start_utc=2032-08-06T05:11:34.188558+00:00 end_utc=2032-09-04T20:56:39.132405+00:00 start_jst=2032-08-06T14:11:34.188558+09:00 end_jst=2032-09-05T05:56:39.132405+09:00 start_jst_date=2032-08-06 end_jst_date=2032-09-05
    term deg=150 utc=2032-08-22T13:18:20.499350+00:00 jst=2032-08-22T22:18:20.499350+09:00 jst_date=2032-08-22
  span[pos=9 abs=34] start_utc=2032-09-04T20:56:39.132405+00:00 end_utc=2032-10-04T13:26:23.641683+00:00 start_jst=2032-09-05T05:56:39.132405+09:00 end_jst=2032-10-04T22:26:23.641683+09:00 start_jst_date=2032-09-05 end_jst_date=2032-10-04
    term deg=180 utc=2032-09-22T11:10:53.241343+00:00 jst=2032-09-22T20:10:53.241343+09:00 jst_date=2032-09-22
  span[pos=10 abs=35] start_utc=2032-10-04T13:26:23.641683+00:00 end_utc=2032-11-03T05:44:58.424397+00:00 start_jst=2032-10-04T22:26:23.641683+09:00 end_jst=2032-11-03T14:44:58.424397+09:00 start_jst_date=2032-10-04 end_jst_date=2032-11-03
    term deg=210 utc=2032-10-22T20:46:14.076937+00:00 jst=2032-10-23T05:46:14.076937+09:00 jst_date=2032-10-23
  span[pos=11 abs=36] start_utc=2032-11-03T05:44:58.424397+00:00 end_utc=2032-12-02T20:52:54.022542+00:00 start_jst=2032-11-03T14:44:58.424397+09:00 end_jst=2032-12-03T05:52:54.022542+09:00 start_jst_date=2032-11-03 end_jst_date=2032-12-03
    term deg=240 utc=2032-11-21T18:31:11.919208+00:00 jst=2032-11-22T03:31:11.919208+09:00 jst_date=2032-11-22
[JCAL_DEBUG_LUNISOLAR] span_count=12 span_index_offset=25 span_index_range=25..36 no_zh(pos)=[9] no_zh(abs)=[34]
[JCAL_DEBUG_LUNISOLAR] spans:
  span[pos=0 abs=25] start_utc=2032-12-02T20:52:53.945890+00:00 end_utc=2033-01-01T10:17:02.932706+00:00 start_jst=2032-12-03T05:52:53.945890+09:00 end_jst=2033-01-01T19:17:02.932706+09:00 start_jst_date=2032-12-03 end_jst_date=2033-01-01
    term deg=270 utc=2032-12-21T07:55:56.891152+00:00 jst=2032-12-21T16:55:56.891152+09:00 jst_date=2032-12-21
  span[pos=1 abs=26] start_utc=2033-01-01T10:17:02.932706+00:00 end_utc=2033-01-30T21:59:53.623624+00:00 start_jst=2033-01-01T19:17:02.932706+09:00 end_jst=2033-01-31T06:59:53.623624+09:00 start_jst_date=2033-01-01 end_jst_date=2033-01-31
    term deg=300 utc=2033-01-19T18:32:47.580291+00:00 jst=2033-01-20T03:32:47.580291+09:00 jst_date=2033-01-20
  span[pos=2 abs=27] start_utc=2033-01-30T21:59:53.623624+00:00 end_utc=2033-03-01T08:23:33.606534+00:00 start_jst=2033-01-31T06:59:53.623624+09:00 end_jst=2033-03-01T17:23:33.606534+09:00 start_jst_date=2033-01-31 end_jst_date=2033-03-01
    term deg=330 utc=2033-02-18T08:33:49.098055+00:00 jst=2033-02-18T17:33:49.098055+09:00 jst_date=2033-02-18
  span[pos=3 abs=28] start_utc=2033-03-01T08:23:33.606534+00:00 end_utc=2033-03-30T17:51:40.117765+00:00 start_jst=2033-03-01T17:23:33.606534+09:00 end_jst=2033-03-31T02:51:40.117765+09:00 start_jst_date=2033-03-01 end_jst_date=2033-03-31
    term deg=000 utc=2033-03-20T07:22:43.851862+00:00 jst=2033-03-20T16:22:43.851862+09:00 jst_date=2033-03-20
  span[pos=4 abs=29] start_utc=2033-03-30T17:51:40.117765+00:00 end_utc=2033-04-29T02:46:12.505460+00:00 start_jst=2033-03-31T02:51:40.117765+09:00 end_jst=2033-04-29T11:46:12.505460+09:00 start_jst_date=2033-03-31 end_jst_date=2033-04-29
    term deg=030 utc=2033-04-19T18:13:07.776483+00:00 jst=2033-04-20T03:13:07.776483+09:00 jst_date=2033-04-20
  span[pos=5 abs=30] start_utc=2033-04-29T02:46:12.505460+00:00 end_utc=2033-05-28T11:36:34.404874+00:00 start_jst=2033-04-29T11:46:12.505460+09:00 end_jst=2033-05-28T20:36:34.404874+09:00 start_jst_date=2033-04-29 end_jst_date=2033-05-28
    term deg=060 utc=2033-05-20T17:10:58.975138+00:00 jst=2033-05-21T02:10:58.975138+09:00 jst_date=2033-05-21
  span[pos=6 abs=31] start_utc=2033-05-28T11:36:34.404874+00:00 end_utc=2033-06-26T21:07:04.946866+00:00 start_jst=2033-05-28T20:36:34.404874+09:00 end_jst=2033-06-27T06:07:04.946866+09:00 start_jst_date=2033-05-28 end_jst_date=2033-06-27
    term deg=090 utc=2033-06-21T01:01:08.666886+00:00 jst=2033-06-21T10:01:08.666886+09:00 jst_date=2033-06-21
  span[pos=7 abs=32] start_utc=2033-06-26T21:07:04.946866+00:00 end_utc=2033-07-26T08:12:36.404386+00:00 start_jst=2033-06-27T06:07:04.946866+09:00 end_jst=2033-07-26T17:12:36.404386+09:00 start_jst_date=2033-06-27 end_jst_date=2033-07-26
    term deg=120 utc=2033-07-22T11:52:49.387789+00:00 jst=2033-07-22T20:52:49.387789+09:00 jst_date=2033-07-22
  span[pos=8 abs=33] start_utc=2033-07-26T08:12:36.404386+00:00 end_utc=2033-08-24T21:39:50.291105+00:00 start_jst=2033-07-26T17:12:36.404386+09:00 end_jst=2033-08-25T06:39:50.291105+09:00 start_jst_date=2033-07-26 end_jst_date=2033-08-25
    term deg=150 utc=2033-08-22T19:01:51.077826+00:00 jst=2033-08-23T04:01:51.077826+09:00 jst_date=2033-08-23
  span[pos=9 abs=34] start_utc=2033-08-24T21:39:50.291105+00:00 end_utc=2033-09-23T13:39:48.423429+00:00 start_jst=2033-08-25T06:39:50.291105+09:00 end_jst=2033-09-23T22:39:48.423429+09:00 start_jst_date=2033-08-25 end_jst_date=2033-09-23
    term deg=180 utc=2033-09-22T16:51:40.996480+00:00 jst=2033-09-23T01:51:40.996480+09:00 jst_date=2033-09-23
  span[pos=10 abs=35] start_utc=2033-09-23T13:39:48.423429+00:00 end_utc=2033-10-23T07:28:26.831632+00:00 start_jst=2033-09-23T22:39:48.423429+09:00 end_jst=2033-10-23T16:28:26.831632+09:00 start_jst_date=2033-09-23 end_jst_date=2033-10-23
    term deg=210 utc=2033-10-23T02:27:37.408315+00:00 jst=2033-10-23T11:27:37.408315+09:00 jst_date=2033-10-23
  span[pos=11 abs=36] start_utc=2033-10-23T07:28:26.831632+00:00 end_utc=2033-11-22T01:39:08.872648+00:00 start_jst=2033-10-23T16:28:26.831632+09:00 end_jst=2033-11-22T10:39:08.872648+09:00 start_jst_date=2033-10-23 end_jst_date=2033-11-22
    term deg=240 utc=2033-11-22T00:16:10.818906+00:00 jst=2033-11-22T09:16:10.818906+09:00 jst_date=2033-11-22
[JCAL_DEBUG_LUNISOLAR] span_count=13 span_index_offset=24 span_index_range=24..36 no_zh(pos)=[1, 3] no_zh(abs)=[25, 27]
[JCAL_DEBUG_LUNISOLAR] spans:
  span[pos=0 abs=24] start_utc=2033-11-22T01:39:08.757581+00:00 end_utc=2033-12-21T18:46:30.298109+00:00 start_jst=2033-11-22T10:39:08.757581+09:00 end_jst=2033-12-22T03:46:30.298109+09:00 start_jst_date=2033-11-22 end_jst_date=2033-12-22
    term deg=270 utc=2033-12-21T13:46:00.479205+00:00 jst=2033-12-21T22:46:00.479205+09:00 jst_date=2033-12-21
  span[pos=1 abs=25] start_utc=2033-12-21T18:46:30.298109+00:00 end_utc=2034-01-20T10:01:34.363050+00:00 start_jst=2033-12-22T03:46:30.298109+09:00 end_jst=2034-01-20T19:01:34.363050+09:00 start_jst_date=2033-12-22 end_jst_date=2034-01-20
    term deg=300 utc=2034-01-20T00:27:18.030026+00:00 jst=2034-01-20T09:27:18.030026+09:00 jst_date=2034-01-20
  span[pos=2 abs=26] start_utc=2034-01-20T10:01:34.363050+00:00 end_utc=2034-02-18T23:10:17.202405+00:00 start_jst=2034-01-20T19:01:34.363050+09:00 end_jst=2034-02-19T08:10:17.202405+09:00 start_jst_date=2034-01-20 end_jst_date=2034-02-19
    term deg=330 utc=2034-02-18T14:30:12.212829+00:00 jst=2034-02-18T23:30:12.212829+09:00 jst_date=2034-02-18
  span[pos=3 abs=27] start_utc=2034-02-18T23:10:17.202405+00:00 end_utc=2034-03-20T10:14:36.150159+00:00 start_jst=2034-02-19T08:10:17.202405+09:00 end_jst=2034-03-20T19:14:36.150159+09:00 start_jst_date=2034-02-19 end_jst_date=2034-03-20
    (no zhongqi terms in this span)
  span[pos=4 abs=28] start_utc=2034-03-20T10:14:36.150159+00:00 end_utc=2034-04-18T19:25:55.434828+00:00 start_jst=2034-03-20T19:14:36.150159+09:00 end_jst=2034-04-19T04:25:55.434828+09:00 start_jst_date=2034-03-20 end_jst_date=2034-04-19
    term deg=000 utc=2034-03-20T13:17:30.433039+00:00 jst=2034-03-20T22:17:30.433039+09:00 jst_date=2034-03-20
  span[pos=5 abs=29] start_utc=2034-04-18T19:25:55.434828+00:00 end_utc=2034-05-18T03:12:36.728773+00:00 start_jst=2034-04-19T04:25:55.434828+09:00 end_jst=2034-05-18T12:12:36.728773+09:00 start_jst_date=2034-04-19 end_jst_date=2034-05-18
    term deg=030 utc=2034-04-20T00:03:44.187996+00:00 jst=2034-04-20T09:03:44.187996+09:00 jst_date=2034-04-20
  span[pos=6 abs=30] start_utc=2034-05-18T03:12:36.728773+00:00 end_utc=2034-06-16T10:25:58.071546+00:00 start_jst=2034-05-18T12:12:36.728773+09:00 end_jst=2034-06-16T19:25:58.071546+09:00 start_jst_date=2034-05-18 end_jst_date=2034-06-16
    term deg=060 utc=2034-05-20T22:56:54.319701+00:00 jst=2034-05-21T07:56:54.319701+09:00 jst_date=2034-05-21
  span[pos=7 abs=31] start_utc=2034-06-16T10:25:58.071546+00:00 end_utc=2034-07-15T18:15:17.898206+00:00 start_jst=2034-06-16T19:25:58.071546+09:00 end_jst=2034-07-16T03:15:17.898206+09:00 start_jst_date=2034-06-16 end_jst_date=2034-07-16
    term deg=090 utc=2034-06-21T06:44:12.357272+00:00 jst=2034-06-21T15:44:12.357272+09:00 jst_date=2034-06-21
  span[pos=8 abs=32] start_utc=2034-07-15T18:15:17.898206+00:00 end_utc=2034-08-14T03:53:05.476331+00:00 start_jst=2034-07-16T03:15:17.898206+09:00 end_jst=2034-08-14T12:53:05.476331+09:00 start_jst_date=2034-07-16 end_jst_date=2034-08-14
    term deg=120 utc=2034-07-22T17:36:21.925621+00:00 jst=2034-07-23T02:36:21.925621+09:00 jst_date=2034-07-23
  span[pos=9 abs=33] start_utc=2034-08-14T03:53:05.476331+00:00 end_utc=2034-09-12T16:13:50.337171+00:00 start_jst=2034-08-14T12:53:05.476331+09:00 end_jst=2034-09-13T01:13:50.337171+09:00 start_jst_date=2034-08-14 end_jst_date=2034-09-13
    term deg=150 utc=2034-08-23T00:47:46.758190+00:00 jst=2034-08-23T09:47:46.758190+09:00 jst_date=2034-08-23
  span[pos=10 abs=34] start_utc=2034-09-12T16:13:50.337171+00:00 end_utc=2034-10-12T07:32:41.489515+00:00 start_jst=2034-09-13T01:13:50.337171+09:00 end_jst=2034-10-12T16:32:41.489515+09:00 start_jst_date=2034-09-13 end_jst_date=2034-10-12
    term deg=180 utc=2034-09-22T22:39:35.034271+00:00 jst=2034-09-23T07:39:35.034271+09:00 jst_date=2034-09-23
  span[pos=11 abs=35] start_utc=2034-10-12T07:32:41.489515+00:00 end_utc=2034-11-11T01:16:16.015883+00:00 start_jst=2034-10-12T16:32:41.489515+09:00 end_jst=2034-11-11T10:16:16.015883+09:00 start_jst_date=2034-10-12 end_jst_date=2034-11-11
    term deg=210 utc=2034-10-23T08:16:27.815324+00:00 jst=2034-10-23T17:16:27.815324+09:00 jst_date=2034-10-23
  span[pos=12 abs=36] start_utc=2034-11-11T01:16:16.015883+00:00 end_utc=2034-12-10T20:14:27.031508+00:00 start_jst=2034-11-11T10:16:16.015883+09:00 end_jst=2034-12-11T05:14:27.031508+09:00 start_jst_date=2034-11-11 end_jst_date=2034-12-11
    term deg=240 utc=2034-11-22T06:04:58.513645+00:00 jst=2034-11-22T15:04:58.513645+09:00 jst_date=2034-11-22
